[2021-04-19 19:03:16] [ INFO ] [Principal:21] Iniciacion del programa
[2021-04-19 19:03:21] [ INFO ] [Principal:27] Iniciando la separacion de personas segun su tipo
[2021-04-19 19:03:21] [ INFO ] [Principal:25] Importacion de las personas de la base de datos
[2021-04-19 19:03:21] [ INFO ] [Principal:45] Añadio un paciente Uriel Brooks
[2021-04-19 19:03:21] [ INFO ] [Principal:45] Añadio un paciente Zeus Hurst
[2021-04-19 19:03:21] [ INFO ] [Principal:45] Añadio un paciente Ursa Swanson
[2021-04-19 19:03:21] [ INFO ] [Principal:45] Añadio un paciente Shana Barry
[2021-04-19 19:03:21] [ INFO ] [Principal:45] Añadio un paciente Colette Hahn
[2021-04-19 19:03:21] [ INFO ] [Principal:45] Añadio un paciente Sylvester Powers
[2021-04-19 19:03:21] [ INFO ] [Principal:45] Añadio un paciente Jenna Slater
[2021-04-19 19:03:21] [ INFO ] [Principal:45] Añadio un paciente Bradley Carrillo
[2021-04-19 19:03:21] [ INFO ] [Principal:45] Añadio un paciente Anne Melendez
[2021-04-19 19:03:21] [ INFO ] [Principal:45] Añadio un paciente Austin Collins
[2021-04-19 19:03:21] [ INFO ] [Principal:45] Añadio un paciente Shana Lawrence
[2021-04-19 19:03:21] [ INFO ] [Principal:45] Añadio un paciente Quon Mckee
[2021-04-19 19:03:21] [ INFO ] [Principal:45] Añadio un paciente Melissa Vazquez
[2021-04-19 19:03:21] [ INFO ] [Principal:45] Añadio un paciente Eagan Ray
[2021-04-19 19:03:21] [ INFO ] [Principal:45] Añadio un paciente Keane Snider
[2021-04-19 19:03:21] [ INFO ] [Principal:45] Añadio un paciente Caleb Hutchinson
[2021-04-19 19:03:21] [ INFO ] [Principal:45] Añadio un paciente Nora Petty
[2021-04-19 19:03:21] [ INFO ] [Principal:45] Añadio un paciente Uta Small
[2021-04-19 19:03:21] [ INFO ] [Principal:45] Añadio un paciente Herrod Norton
[2021-04-19 19:03:21] [ INFO ] [Principal:45] Añadio un paciente Chanda Tyler
[2021-04-19 19:03:21] [ INFO ] [Principal:45] Añadio un paciente Seth Hale
[2021-04-19 19:03:21] [ INFO ] [Principal:45] Añadio un paciente Jaden Trevino
[2021-04-19 19:03:21] [ INFO ] [Principal:45] Añadio un paciente Slade Daniel
[2021-04-19 19:03:21] [ INFO ] [Principal:53] Añadio una enfermera Phelan Patrick
[2021-04-19 19:03:21] [ INFO ] [Principal:45] Añadio un paciente Garth Logan
[2021-04-19 19:03:21] [ INFO ] [Principal:45] Añadio un paciente Chadwick Jacobs
[2021-04-19 19:03:21] [ INFO ] [Principal:45] Añadio un paciente Olivia Lott
[2021-04-19 19:03:21] [ INFO ] [Principal:45] Añadio un paciente Basil Merritt
[2021-04-19 19:03:21] [ INFO ] [Principal:45] Añadio un paciente Joy Sears
[2021-04-19 19:03:21] [ INFO ] [Principal:45] Añadio un paciente Ava Horton
[2021-04-19 19:03:21] [ INFO ] [Principal:45] Añadio un paciente Chandler Dennis
[2021-04-19 19:03:21] [ INFO ] [Principal:45] Añadio un paciente Halla Calderon
[2021-04-19 19:03:21] [ INFO ] [Principal:45] Añadio un paciente Chelsea Powers
[2021-04-19 19:03:21] [ INFO ] [Principal:45] Añadio un paciente Ronan Fuentes
[2021-04-19 19:03:21] [ INFO ] [Principal:45] Añadio un paciente Randall Baxter
[2021-04-19 19:03:21] [ INFO ] [Principal:45] Añadio un paciente Clinton Fox
[2021-04-19 19:03:21] [ INFO ] [Principal:45] Añadio un paciente Tad Velez
[2021-04-19 19:03:21] [ INFO ] [Principal:45] Añadio un paciente Wallace Lott
[2021-04-19 19:03:21] [ INFO ] [Principal:45] Añadio un paciente Neve Moss
[2021-04-19 19:03:21] [ INFO ] [Principal:45] Añadio un paciente Emerson Floyd
[2021-04-19 19:03:21] [ INFO ] [Principal:45] Añadio un paciente Candice Fry
[2021-04-19 19:03:21] [ INFO ] [Principal:45] Añadio un paciente Jayme Parker
[2021-04-19 19:03:21] [ INFO ] [Principal:45] Añadio un paciente Jaime Lynn
[2021-04-19 19:03:21] [ INFO ] [Principal:45] Añadio un paciente John Sharp
[2021-04-19 19:03:21] [ INFO ] [Principal:45] Añadio un paciente Colt Curry
[2021-04-19 19:03:21] [ INFO ] [Principal:45] Añadio un paciente Leah Cabrera
[2021-04-19 19:03:21] [ INFO ] [Principal:45] Añadio un paciente Zenaida Bauer
[2021-04-19 19:03:21] [ INFO ] [Principal:45] Añadio un paciente Andrew Simpson
[2021-04-19 19:03:21] [ INFO ] [Principal:45] Añadio un paciente Patrick Kinney
[2021-04-19 19:03:21] [ INFO ] [Principal:45] Añadio un paciente Cooper Guerra
[2021-04-19 19:03:21] [ INFO ] [Principal:45] Añadio un paciente Kasimir Cannon
[2021-04-19 19:03:21] [ INFO ] [Principal:45] Añadio un paciente Renee Obrien
[2021-04-19 19:03:21] [ INFO ] [Principal:45] Añadio un paciente John Nicholson
[2021-04-19 19:03:21] [ INFO ] [Principal:45] Añadio un paciente Kaden Langley
[2021-04-19 19:03:21] [ INFO ] [Principal:45] Añadio un paciente Kalia Adams
[2021-04-19 19:03:21] [ INFO ] [Principal:45] Añadio un paciente Sean Rosales
[2021-04-19 19:03:21] [ INFO ] [Principal:45] Añadio un paciente Amela Vance
[2021-04-19 19:03:21] [ INFO ] [Principal:45] Añadio un paciente Alana Moon
[2021-04-19 19:03:21] [ INFO ] [Principal:45] Añadio un paciente Hilel Holden
[2021-04-19 19:03:21] [ INFO ] [Principal:45] Añadio un paciente Axel Vang
[2021-04-19 19:03:21] [ INFO ] [Principal:45] Añadio un paciente Dexter Hodges
[2021-04-19 19:03:21] [ INFO ] [Principal:45] Añadio un paciente Lareina Day
[2021-04-19 19:03:21] [ INFO ] [Principal:45] Añadio un paciente Stewart Vega
[2021-04-19 19:03:21] [ INFO ] [Principal:45] Añadio un paciente Tobias Terry
[2021-04-19 19:03:21] [ INFO ] [Principal:45] Añadio un paciente Lawrence Woods
[2021-04-19 19:03:21] [ INFO ] [Principal:45] Añadio un paciente Wanda Walter
[2021-04-19 19:03:21] [ INFO ] [Principal:45] Añadio un paciente Olga Snyder
[2021-04-19 19:03:21] [ INFO ] [Principal:45] Añadio un paciente Galvin Martinez
[2021-04-19 19:03:21] [ INFO ] [Principal:45] Añadio un paciente David Browning
[2021-04-19 19:03:21] [ INFO ] [Principal:45] Añadio un paciente Frances Peck
[2021-04-19 19:03:21] [ INFO ] [Principal:45] Añadio un paciente Oscar Cochran
[2021-04-19 19:03:21] [ INFO ] [Principal:45] Añadio un paciente Isabella Hatfield
[2021-04-19 19:03:21] [ INFO ] [Principal:45] Añadio un paciente Felix Cervantes
[2021-04-19 19:03:21] [ INFO ] [Principal:45] Añadio un paciente Phelan Conway
[2021-04-19 19:03:21] [ INFO ] [Principal:45] Añadio un paciente Ferris York
[2021-04-19 19:03:21] [ INFO ] [Principal:45] Añadio un paciente Michael Velazquez
[2021-04-19 19:03:21] [ INFO ] [Principal:45] Añadio un paciente Tasha Tucker
[2021-04-19 19:03:21] [ INFO ] [Principal:45] Añadio un paciente Keely Walsh
[2021-04-19 19:03:21] [ INFO ] [Principal:45] Añadio un paciente Aiko Mclean
[2021-04-19 19:03:21] [ INFO ] [Principal:45] Añadio un paciente Idola Obrien
[2021-04-19 19:03:21] [ INFO ] [Principal:45] Añadio un paciente Roanna Dennis
[2021-04-19 19:03:21] [ INFO ] [Principal:45] Añadio un paciente Shelby Joyce
[2021-04-19 19:03:21] [ INFO ] [Principal:45] Añadio un paciente Elijah Garrett
[2021-04-19 19:03:21] [ INFO ] [Principal:45] Añadio un paciente Xaviera Finch
[2021-04-19 19:03:21] [ INFO ] [Principal:62] Iniciando la simulacion del dia
[2021-04-19 19:03:21] [ INFO ] [Principal:129] La simulacion del dia ha terminado
[2021-04-19 19:03:21] [ INFO ] [Principal:23] Exportando los datos a la base de datos
[2021-04-19 19:03:21] [ INFO ] [Principal:23] Exportando los datos a la base de datos
[2021-04-19 19:03:21] [ INFO ] [Principal:23] Exportando los datos a la base de datos
[2021-04-19 19:03:21] [ ERROR] [Principal:54] Error al subir los nuevos datos de las personas a la base de datos
[2021-04-19 19:03:21] [ INFO ] [Principal:23] Exportando los datos a la base de datos
[2021-04-19 19:03:21] [ ERROR] [Principal:54] Error al subir los nuevos datos de las personas a la base de datos
[2021-04-19 19:03:21] [ INFO ] [Principal:23] Exportando los datos a la base de datos
[2021-04-19 19:03:21] [ INFO ] [Principal:23] Exportando los datos a la base de datos
[2021-04-19 19:03:21] [ INFO ] [Principal:23] Exportando los datos a la base de datos
[2021-04-19 19:03:21] [ ERROR] [Principal:54] Error al subir los nuevos datos de las personas a la base de datos
[2021-04-19 19:03:21] [ INFO ] [Principal:23] Exportando los datos a la base de datos
[2021-04-19 19:03:21] [ INFO ] [Principal:23] Exportando los datos a la base de datos
[2021-04-19 19:03:21] [ INFO ] [Principal:23] Exportando los datos a la base de datos
[2021-04-19 19:03:21] [ INFO ] [Principal:23] Exportando los datos a la base de datos
[2021-04-19 19:03:21] [ INFO ] [Principal:23] Exportando los datos a la base de datos
[2021-04-19 19:03:26] [ INFO ] [Principal:65] Llamando a la funcion
